  [1m[35m (115.2ms)[0m  [1m[35mCREATE DATABASE "hello_rails_react_development" ENCODING = 'unicode'[0m
  [1m[35m (51.2ms)[0m  [1m[35mCREATE DATABASE "hello_rails_react_test" ENCODING = 'unicode'[0m
  [1m[35m (11.8ms)[0m  [1m[35mCREATE TABLE "schema_migrations" ("version" character varying NOT NULL PRIMARY KEY)[0m
  [1m[35m (4.8ms)[0m  [1m[35mCREATE TABLE "ar_internal_metadata" ("key" character varying NOT NULL PRIMARY KEY, "value" character varying, "created_at" timestamp(6) NOT NULL, "updated_at" timestamp(6) NOT NULL)[0m
  [1m[35m (0.6ms)[0m  [1m[34mSELECT pg_try_advisory_lock(6835469566630085430)[0m
  [1m[36mActiveRecord::SchemaMigration Pluck (0.6ms)[0m  [1m[34mSELECT "schema_migrations"."version" FROM "schema_migrations" ORDER BY "schema_migrations"."version" ASC[0m
Migrating to CreateGreetings (20220705024351)
  [1m[36mTRANSACTION (0.2ms)[0m  [1m[35mBEGIN[0m
  [1m[35m (5.5ms)[0m  [1m[35mCREATE TABLE "greetings" ("id" bigserial primary key, "greeting" character varying, "created_at" timestamp(6) NOT NULL, "updated_at" timestamp(6) NOT NULL)[0m
  [1m[36mActiveRecord::SchemaMigration Create (0.7ms)[0m  [1m[32mINSERT INTO "schema_migrations" ("version") VALUES ($1) RETURNING "version"[0m  [["version", "20220705024351"]]
  [1m[36mTRANSACTION (0.8ms)[0m  [1m[35mCOMMIT[0m
  [1m[36mActiveRecord::InternalMetadata Load (0.3ms)[0m  [1m[34mSELECT "ar_internal_metadata".* FROM "ar_internal_metadata" WHERE "ar_internal_metadata"."key" = $1 LIMIT $2[0m  [["key", "environment"], ["LIMIT", 1]]
  [1m[36mTRANSACTION (0.2ms)[0m  [1m[35mBEGIN[0m
  [1m[36mActiveRecord::InternalMetadata Create (0.8ms)[0m  [1m[32mINSERT INTO "ar_internal_metadata" ("key", "value", "created_at", "updated_at") VALUES ($1, $2, $3, $4) RETURNING "key"[0m  [["key", "environment"], ["value", "development"], ["created_at", "2022-07-05 02:51:01.714685"], ["updated_at", "2022-07-05 02:51:01.714685"]]
  [1m[36mTRANSACTION (0.6ms)[0m  [1m[35mCOMMIT[0m
  [1m[35m (0.3ms)[0m  [1m[34mSELECT pg_advisory_unlock(6835469566630085430)[0m
  [1m[36mActiveRecord::SchemaMigration Pluck (0.5ms)[0m  [1m[34mSELECT "schema_migrations"."version" FROM "schema_migrations" ORDER BY "schema_migrations"."version" ASC[0m
  [1m[36mGreeting Load (1.2ms)[0m  [1m[34mSELECT "greetings".* FROM "greetings"[0m
  [1m[36mTRANSACTION (0.3ms)[0m  [1m[35mBEGIN[0m
  [1m[36mGreeting Create (1.0ms)[0m  [1m[32mINSERT INTO "greetings" ("greeting", "created_at", "updated_at") VALUES ($1, $2, $3) RETURNING "id"[0m  [["greeting", "Hello"], ["created_at", "2022-07-05 02:51:58.872030"], ["updated_at", "2022-07-05 02:51:58.872030"]]
  [1m[36mTRANSACTION (6.5ms)[0m  [1m[35mCOMMIT[0m
  [1m[36mTRANSACTION (0.2ms)[0m  [1m[35mBEGIN[0m
  [1m[36mGreeting Create (0.7ms)[0m  [1m[32mINSERT INTO "greetings" ("greeting", "created_at", "updated_at") VALUES ($1, $2, $3) RETURNING "id"[0m  [["greeting", "Hi"], ["created_at", "2022-07-05 02:52:12.057928"], ["updated_at", "2022-07-05 02:52:12.057928"]]
  [1m[36mTRANSACTION (2.8ms)[0m  [1m[35mCOMMIT[0m
  [1m[36mTRANSACTION (0.3ms)[0m  [1m[35mBEGIN[0m
  [1m[36mGreeting Create (0.5ms)[0m  [1m[32mINSERT INTO "greetings" ("greeting", "created_at", "updated_at") VALUES ($1, $2, $3) RETURNING "id"[0m  [["greeting", "Welcome"], ["created_at", "2022-07-05 02:52:21.715179"], ["updated_at", "2022-07-05 02:52:21.715179"]]
  [1m[36mTRANSACTION (2.9ms)[0m  [1m[35mCOMMIT[0m
  [1m[36mTRANSACTION (0.1ms)[0m  [1m[35mBEGIN[0m
  [1m[36mGreeting Create (0.3ms)[0m  [1m[32mINSERT INTO "greetings" ("greeting", "created_at", "updated_at") VALUES ($1, $2, $3) RETURNING "id"[0m  [["greeting", "Nice to meet you"], ["created_at", "2022-07-05 02:52:39.962200"], ["updated_at", "2022-07-05 02:52:39.962200"]]
  [1m[36mTRANSACTION (0.8ms)[0m  [1m[35mCOMMIT[0m
  [1m[36mTRANSACTION (0.2ms)[0m  [1m[35mBEGIN[0m
  [1m[36mGreeting Create (0.5ms)[0m  [1m[32mINSERT INTO "greetings" ("greeting", "created_at", "updated_at") VALUES ($1, $2, $3) RETURNING "id"[0m  [["greeting", "Greetings"], ["created_at", "2022-07-05 02:52:56.929429"], ["updated_at", "2022-07-05 02:52:56.929429"]]
  [1m[36mTRANSACTION (3.2ms)[0m  [1m[35mCOMMIT[0m
  [1m[36mGreeting Load (0.4ms)[0m  [1m[34mSELECT "greetings".* FROM "greetings"[0m
Started GET "/v1/greetings" for ::1 at 2022-07-05 04:54:21 +0200
  [1m[36mActiveRecord::SchemaMigration Pluck (0.5ms)[0m  [1m[34mSELECT "schema_migrations"."version" FROM "schema_migrations" ORDER BY "schema_migrations"."version" ASC[0m
Processing by V1::GreetingsController#index as JSON
  [1m[36mGreeting Load (0.4ms)[0m  [1m[34mSELECT "greetings".* FROM "greetings" WHERE "greetings"."id" = $1 LIMIT $2[0m  [["id", 4], ["LIMIT", 1]]
  ↳ app/controllers/v1/greetings_controller.rb:3:in `index'
Completed 200 OK in 29ms (Views: 0.4ms | ActiveRecord: 4.6ms | Allocations: 11005)


Started GET "/v1/greetings" for ::1 at 2022-07-05 04:54:28 +0200
Processing by V1::GreetingsController#index as JSON
  [1m[36mGreeting Load (0.4ms)[0m  [1m[34mSELECT "greetings".* FROM "greetings" WHERE "greetings"."id" = $1 LIMIT $2[0m  [["id", 2], ["LIMIT", 1]]
  ↳ app/controllers/v1/greetings_controller.rb:3:in `index'
Completed 200 OK in 5ms (Views: 0.6ms | ActiveRecord: 0.4ms | Allocations: 783)


Started GET "/" for ::1 at 2022-07-05 05:12:31 +0200
  [1m[36mActiveRecord::SchemaMigration Pluck (1.0ms)[0m  [1m[34mSELECT "schema_migrations"."version" FROM "schema_migrations" ORDER BY "schema_migrations"."version" ASC[0m
  
NoMethodError (undefined method `action_encoding_template' for GreetingsController:Class):
  
actionpack (7.0.3) lib/action_dispatch/request/utils.rb:95:in `action_encoding_template'
actionpack (7.0.3) lib/action_dispatch/request/utils.rb:83:in `encode'
actionpack (7.0.3) lib/action_dispatch/request/utils.rb:45:in `set_binary_encoding'
actionpack (7.0.3) lib/action_dispatch/http/parameters.rb:68:in `path_parameters='
actionpack (7.0.3) lib/action_dispatch/journey/router.rb:48:in `block in serve'
actionpack (7.0.3) lib/action_dispatch/journey/router.rb:32:in `each'
actionpack (7.0.3) lib/action_dispatch/journey/router.rb:32:in `serve'
actionpack (7.0.3) lib/action_dispatch/routing/route_set.rb:852:in `call'
rack (2.2.4) lib/rack/tempfile_reaper.rb:15:in `call'
rack (2.2.4) lib/rack/etag.rb:27:in `call'
rack (2.2.4) lib/rack/conditional_get.rb:27:in `call'
rack (2.2.4) lib/rack/head.rb:12:in `call'
actionpack (7.0.3) lib/action_dispatch/http/permissions_policy.rb:38:in `call'
actionpack (7.0.3) lib/action_dispatch/http/content_security_policy.rb:36:in `call'
rack (2.2.4) lib/rack/session/abstract/id.rb:266:in `context'
rack (2.2.4) lib/rack/session/abstract/id.rb:260:in `call'
actionpack (7.0.3) lib/action_dispatch/middleware/cookies.rb:697:in `call'
activerecord (7.0.3) lib/active_record/migration.rb:603:in `call'
actionpack (7.0.3) lib/action_dispatch/middleware/callbacks.rb:27:in `block in call'
activesupport (7.0.3) lib/active_support/callbacks.rb:99:in `run_callbacks'
actionpack (7.0.3) lib/action_dispatch/middleware/callbacks.rb:26:in `call'
actionpack (7.0.3) lib/action_dispatch/middleware/executor.rb:14:in `call'
actionpack (7.0.3) lib/action_dispatch/middleware/actionable_exceptions.rb:17:in `call'
actionpack (7.0.3) lib/action_dispatch/middleware/debug_exceptions.rb:28:in `call'
web-console (4.2.0) lib/web_console/middleware.rb:132:in `call_app'
web-console (4.2.0) lib/web_console/middleware.rb:28:in `block in call'
web-console (4.2.0) lib/web_console/middleware.rb:17:in `catch'
web-console (4.2.0) lib/web_console/middleware.rb:17:in `call'
actionpack (7.0.3) lib/action_dispatch/middleware/show_exceptions.rb:26:in `call'
railties (7.0.3) lib/rails/rack/logger.rb:40:in `call_app'
railties (7.0.3) lib/rails/rack/logger.rb:25:in `block in call'
activesupport (7.0.3) lib/active_support/tagged_logging.rb:114:in `block in tagged'
activesupport (7.0.3) lib/active_support/tagged_logging.rb:38:in `tagged'
activesupport (7.0.3) lib/active_support/tagged_logging.rb:114:in `tagged'
railties (7.0.3) lib/rails/rack/logger.rb:25:in `call'
sprockets-rails (3.4.2) lib/sprockets/rails/quiet_assets.rb:13:in `call'
actionpack (7.0.3) lib/action_dispatch/middleware/remote_ip.rb:93:in `call'
actionpack (7.0.3) lib/action_dispatch/middleware/request_id.rb:26:in `call'
rack (2.2.4) lib/rack/method_override.rb:24:in `call'
rack (2.2.4) lib/rack/runtime.rb:22:in `call'
activesupport (7.0.3) lib/active_support/cache/strategy/local_cache_middleware.rb:29:in `call'
actionpack (7.0.3) lib/action_dispatch/middleware/server_timing.rb:20:in `call'
actionpack (7.0.3) lib/action_dispatch/middleware/executor.rb:14:in `call'
actionpack (7.0.3) lib/action_dispatch/middleware/static.rb:23:in `call'
rack (2.2.4) lib/rack/sendfile.rb:110:in `call'
actionpack (7.0.3) lib/action_dispatch/middleware/host_authorization.rb:137:in `call'
webpacker (5.4.3) lib/webpacker/dev_server_proxy.rb:25:in `perform_request'
rack-proxy (0.7.2) lib/rack/proxy.rb:67:in `call'
railties (7.0.3) lib/rails/engine.rb:530:in `call'
puma (5.6.4) lib/puma/configuration.rb:252:in `call'
puma (5.6.4) lib/puma/request.rb:77:in `block in handle_request'
puma (5.6.4) lib/puma/thread_pool.rb:340:in `with_force_shutdown'
puma (5.6.4) lib/puma/request.rb:76:in `handle_request'
puma (5.6.4) lib/puma/server.rb:441:in `process_client'
puma (5.6.4) lib/puma/thread_pool.rb:147:in `block in spawn_thread'
Started GET "/" for ::1 at 2022-07-05 05:14:02 +0200
Processing by GreetingsController#index as HTML
  Rendering layout layouts/application.html.erb
  Rendering greetings/index.html.erb within layouts/application
[Webpacker] Compiling...
[Webpacker] Compiled all packs in /home/omar/Desktop/Microverse Projects/Back-End Projects/hello-rails-react/public/packs
[Webpacker] warning package.json: No license field

[Webpacker] Hash: 4548c96211c7fd6f9898
Version: webpack 4.46.0
Time: 6707ms
Built at: 07/05/2022 5:14:12 AM
                                          Asset      Size            Chunks                         Chunk Names
         js/application-73f54222d24ac3e73439.js  1.83 MiB       application  [emitted] [immutable]  application
     js/application-73f54222d24ac3e73439.js.map  2.09 MiB       application  [emitted] [dev]        application
         js/hello_react-cd2d1b3bbecb7e5d2a2e.js  1.25 MiB       hello_react  [emitted] [immutable]  hello_react
     js/hello_react-cd2d1b3bbecb7e5d2a2e.js.map  1.44 MiB       hello_react  [emitted] [dev]        hello_react
    js/server_rendering-03cdc1e1c885187f49cc.js  1.83 MiB  server_rendering  [emitted] [immutable]  server_rendering
js/server_rendering-03cdc1e1c885187f49cc.js.map  2.09 MiB  server_rendering  [emitted] [dev]        server_rendering
                                  manifest.json  1.05 KiB                    [emitted]              
Entrypoint application = js/application-73f54222d24ac3e73439.js js/application-73f54222d24ac3e73439.js.map
Entrypoint hello_react = js/hello_react-cd2d1b3bbecb7e5d2a2e.js js/hello_react-cd2d1b3bbecb7e5d2a2e.js.map
Entrypoint server_rendering = js/server_rendering-03cdc1e1c885187f49cc.js js/server_rendering-03cdc1e1c885187f49cc.js.map
[../../../../node_modules/webpack/buildin/global.js] (webpack)/buildin/global.js 475 bytes {application} {hello_react} {server_rendering} [built]
[../../../../node_modules/webpack/buildin/module.js] (webpack)/buildin/module.js 546 bytes {application} {hello_react} {server_rendering} [built]
[./app/javascript/components sync recursive ^\.\/.*$] ./app/javascript/components sync ^\.\/.*$ 218 bytes {application} {server_rendering} [built]
[./app/javascript/packs/application.js] 216 bytes {application} [built]
[./app/javascript/packs/hello_react.jsx] 1.1 KiB {hello_react} [built]
[./app/javascript/packs/server_rendering.js] 301 bytes {server_rendering} [built]
    + 37 hidden modules

  Rendered greetings/index.html.erb within layouts/application (Duration: 9960.6ms | Allocations: 3022)
  Rendered layout layouts/application.html.erb (Duration: 10832.7ms | Allocations: 114769)
Completed 200 OK in 10845ms (Views: 10837.2ms | ActiveRecord: 0.0ms | Allocations: 118622)


Started GET "/" for ::1 at 2022-07-05 05:14:34 +0200
Processing by GreetingsController#index as HTML
  Rendering layout layouts/application.html.erb
  Rendering greetings/index.html.erb within layouts/application
[Webpacker] Everything's up-to-date. Nothing to do
  Rendered greetings/index.html.erb within layouts/application (Duration: 3.4ms | Allocations: 1693)
  Rendered layout layouts/application.html.erb (Duration: 13.1ms | Allocations: 4694)
Completed 200 OK in 16ms (Views: 14.6ms | ActiveRecord: 0.0ms | Allocations: 5056)


Started GET "/" for ::1 at 2022-07-05 05:39:49 +0200
  [1m[36mActiveRecord::SchemaMigration Pluck (0.9ms)[0m  [1m[34mSELECT "schema_migrations"."version" FROM "schema_migrations" ORDER BY "schema_migrations"."version" ASC[0m
Processing by GreetingsController#index as HTML
  Rendering layout layouts/application.html.erb
  Rendering greetings/index.html.erb within layouts/application
[Webpacker] Compiling...
[Webpacker] Compilation failed:
Hash: 5360aa71397429a7bf85
Version: webpack 4.46.0
Time: 3625ms
Built at: 07/05/2022 5:39:55 AM
                                          Asset      Size            Chunks                         Chunk Names
         js/application-7c6df2eea262b2b038e6.js  2.01 MiB       application  [emitted] [immutable]  application
     js/application-7c6df2eea262b2b038e6.js.map  2.23 MiB       application  [emitted] [dev]        application
         js/hello_react-cd2d1b3bbecb7e5d2a2e.js  1.25 MiB       hello_react  [emitted] [immutable]  hello_react
     js/hello_react-cd2d1b3bbecb7e5d2a2e.js.map  1.44 MiB       hello_react  [emitted] [dev]        hello_react
    js/server_rendering-304dd0f239923c41d60b.js  2.01 MiB  server_rendering  [emitted] [immutable]  server_rendering
js/server_rendering-304dd0f239923c41d60b.js.map  2.23 MiB  server_rendering  [emitted] [dev]        server_rendering
                                  manifest.json  1.05 KiB                    [emitted]              
Entrypoint application = js/application-7c6df2eea262b2b038e6.js js/application-7c6df2eea262b2b038e6.js.map
Entrypoint hello_react = js/hello_react-cd2d1b3bbecb7e5d2a2e.js js/hello_react-cd2d1b3bbecb7e5d2a2e.js.map
Entrypoint server_rendering = js/server_rendering-304dd0f239923c41d60b.js js/server_rendering-304dd0f239923c41d60b.js.map
[../../../../node_modules/webpack/buildin/global.js] (webpack)/buildin/global.js 475 bytes {application} {hello_react} {server_rendering} [built]
[../../../../node_modules/webpack/buildin/module.js] (webpack)/buildin/module.js 546 bytes {application} {hello_react} {server_rendering} [built]
[./app/javascript/components sync recursive ^\.\/.*$] ./app/javascript/components sync ^\.\/.*$ 324 bytes {application} {server_rendering} [built]
[./app/javascript/packs/application.js] 216 bytes {application} [built]
[./app/javascript/packs/hello_react.jsx] 1.1 KiB {hello_react} [built]
[./app/javascript/packs/server_rendering.js] 301 bytes {server_rendering} [built]
    + 81 hidden modules

ERROR in ./app/javascript/components/App.js 28:12-26
"export 'configureStore' was not found in './redux/store'
 @ ./app/javascript/components sync ^\.\/.*$
 @ ./app/javascript/packs/server_rendering.js

ERROR in ./app/javascript/components/redux/store.js
Module not found: Error: Can't resolve 'redux-thunk' in '/home/omar/Desktop/Microverse Projects/Back-End Projects/hello-rails-react/app/javascript/components/redux'
 @ ./app/javascript/components/redux/store.js 2:0-32 22:69-74
 @ ./app/javascript/components sync ^\.\/.*$
 @ ./app/javascript/packs/server_rendering.js


warning package.json: No license field

  Rendered greetings/index.html.erb within layouts/application (Duration: 6329.8ms | Allocations: 3928)
  Rendered layout layouts/application.html.erb (Duration: 6483.5ms | Allocations: 59916)
Completed 200 OK in 6495ms (Views: 6486.7ms | ActiveRecord: 0.0ms | Allocations: 65809)


Started GET "/" for ::1 at 2022-07-05 05:39:59 +0200
Processing by GreetingsController#index as HTML
  Rendering layout layouts/application.html.erb
  Rendering greetings/index.html.erb within layouts/application
[Webpacker] Everything's up-to-date. Nothing to do
  Rendered greetings/index.html.erb within layouts/application (Duration: 4.1ms | Allocations: 1783)
  Rendered layout layouts/application.html.erb (Duration: 9.1ms | Allocations: 4888)
Completed 200 OK in 11ms (Views: 9.9ms | ActiveRecord: 0.0ms | Allocations: 5299)


Started GET "/" for ::1 at 2022-07-05 05:43:05 +0200
Processing by GreetingsController#index as HTML
  Rendering layout layouts/application.html.erb
  Rendering greetings/index.html.erb within layouts/application
[Webpacker] Everything's up-to-date. Nothing to do
  Rendered greetings/index.html.erb within layouts/application (Duration: 3.2ms | Allocations: 1718)
  Rendered layout layouts/application.html.erb (Duration: 10.1ms | Allocations: 4693)
Completed 200 OK in 12ms (Views: 11.1ms | ActiveRecord: 0.0ms | Allocations: 5042)


Started GET "/" for ::1 at 2022-07-05 05:43:22 +0200
Processing by GreetingsController#index as HTML
  Rendering layout layouts/application.html.erb
  Rendering greetings/index.html.erb within layouts/application
[Webpacker] Everything's up-to-date. Nothing to do
  Rendered greetings/index.html.erb within layouts/application (Duration: 2.9ms | Allocations: 1717)
  Rendered layout layouts/application.html.erb (Duration: 8.1ms | Allocations: 4704)
Completed 200 OK in 12ms (Views: 9.1ms | ActiveRecord: 0.0ms | Allocations: 5050)


Started GET "/" for ::1 at 2022-07-05 05:45:05 +0200
Processing by GreetingsController#index as HTML
  Rendering layout layouts/application.html.erb
  Rendering greetings/index.html.erb within layouts/application
[Webpacker] Everything's up-to-date. Nothing to do
  Rendered greetings/index.html.erb within layouts/application (Duration: 4.6ms | Allocations: 1998)
  Rendered layout layouts/application.html.erb (Duration: 13.4ms | Allocations: 5399)
Completed 200 OK in 18ms (Views: 16.4ms | ActiveRecord: 0.0ms | Allocations: 6585)


Started GET "/" for ::1 at 2022-07-05 05:48:39 +0200
Processing by GreetingsController#index as HTML
  Rendering layout layouts/application.html.erb
  Rendering greetings/index.html.erb within layouts/application
[Webpacker] Compiling...
[Webpacker] Compilation failed:
Hash: ca5e79ee490f69c62ae9
Version: webpack 4.46.0
Time: 2200ms
Built at: 07/05/2022 5:48:43 AM
                                          Asset      Size            Chunks                         Chunk Names
         js/application-fd358e6574312faefec1.js  2.01 MiB       application  [emitted] [immutable]  application
     js/application-fd358e6574312faefec1.js.map  2.23 MiB       application  [emitted] [dev]        application
         js/hello_react-cd2d1b3bbecb7e5d2a2e.js  1.25 MiB       hello_react  [emitted] [immutable]  hello_react
     js/hello_react-cd2d1b3bbecb7e5d2a2e.js.map  1.44 MiB       hello_react  [emitted] [dev]        hello_react
    js/server_rendering-bac479b5c58fb8b1f77b.js  2.01 MiB  server_rendering  [emitted] [immutable]  server_rendering
js/server_rendering-bac479b5c58fb8b1f77b.js.map  2.23 MiB  server_rendering  [emitted] [dev]        server_rendering
                                  manifest.json  1.05 KiB                    [emitted]              
Entrypoint application = js/application-fd358e6574312faefec1.js js/application-fd358e6574312faefec1.js.map
Entrypoint hello_react = js/hello_react-cd2d1b3bbecb7e5d2a2e.js js/hello_react-cd2d1b3bbecb7e5d2a2e.js.map
Entrypoint server_rendering = js/server_rendering-bac479b5c58fb8b1f77b.js js/server_rendering-bac479b5c58fb8b1f77b.js.map
[../../../../node_modules/webpack/buildin/global.js] (webpack)/buildin/global.js 475 bytes {application} {hello_react} {server_rendering} [built]
[../../../../node_modules/webpack/buildin/module.js] (webpack)/buildin/module.js 546 bytes {application} {hello_react} {server_rendering} [built]
[./app/javascript/components sync recursive ^\.\/.*$] ./app/javascript/components sync ^\.\/.*$ 324 bytes {application} {server_rendering} [built]
[./app/javascript/packs/application.js] 216 bytes {application} [built]
[./app/javascript/packs/hello_react.jsx] 1.1 KiB {hello_react} [built]
[./app/javascript/packs/server_rendering.js] 301 bytes {server_rendering} [built]
    + 81 hidden modules

ERROR in ./app/javascript/components/redux/store.js
Module not found: Error: Can't resolve 'redux-thunk' in '/home/omar/Desktop/Microverse Projects/Back-End Projects/hello-rails-react/app/javascript/components/redux'
 @ ./app/javascript/components/redux/store.js 2:0-32 22:69-74
 @ ./app/javascript/components sync ^\.\/.*$
 @ ./app/javascript/packs/application.js


warning package.json: No license field

  Rendered greetings/index.html.erb within layouts/application (Duration: 3931.4ms | Allocations: 3122)
  Rendered layout layouts/application.html.erb (Duration: 3958.5ms | Allocations: 20604)
Completed 200 OK in 3962ms (Views: 3960.9ms | Allocations: 21513)


Started GET "/" for ::1 at 2022-07-05 05:50:28 +0200
  [1m[36mActiveRecord::SchemaMigration Pluck (0.7ms)[0m  [1m[34mSELECT "schema_migrations"."version" FROM "schema_migrations" ORDER BY "schema_migrations"."version" ASC[0m
Processing by GreetingsController#index as HTML
  Rendering layout layouts/application.html.erb
  Rendering greetings/index.html.erb within layouts/application
[Webpacker] Everything's up-to-date. Nothing to do
  Rendered greetings/index.html.erb within layouts/application (Duration: 6.3ms | Allocations: 2488)
  Rendered layout layouts/application.html.erb (Duration: 114.4ms | Allocations: 54627)
Completed 200 OK in 143ms (Views: 118.8ms | ActiveRecord: 0.0ms | Allocations: 60520)


Started GET "/" for ::1 at 2022-07-05 05:52:39 +0200
Processing by GreetingsController#index as HTML
  Rendering layout layouts/application.html.erb
  Rendering greetings/index.html.erb within layouts/application
[Webpacker] Compiling...
[Webpacker] Compiled all packs in /home/omar/Desktop/Microverse Projects/Back-End Projects/hello-rails-react/public/packs
[Webpacker] warning package.json: No license field

[Webpacker] Hash: 0c25012ebcee14993038
Version: webpack 4.46.0
Time: 2245ms
Built at: 07/05/2022 5:52:43 AM
                                          Asset      Size            Chunks                         Chunk Names
         js/application-c27a7349001710913540.js  2.01 MiB       application  [emitted] [immutable]  application
     js/application-c27a7349001710913540.js.map  2.23 MiB       application  [emitted] [dev]        application
         js/hello_react-cd2d1b3bbecb7e5d2a2e.js  1.25 MiB       hello_react  [emitted] [immutable]  hello_react
     js/hello_react-cd2d1b3bbecb7e5d2a2e.js.map  1.44 MiB       hello_react  [emitted] [dev]        hello_react
    js/server_rendering-3b00a4dec9313e1c5f89.js  2.01 MiB  server_rendering  [emitted] [immutable]  server_rendering
js/server_rendering-3b00a4dec9313e1c5f89.js.map  2.23 MiB  server_rendering  [emitted] [dev]        server_rendering
                                  manifest.json  1.05 KiB                    [emitted]              
Entrypoint application = js/application-c27a7349001710913540.js js/application-c27a7349001710913540.js.map
Entrypoint hello_react = js/hello_react-cd2d1b3bbecb7e5d2a2e.js js/hello_react-cd2d1b3bbecb7e5d2a2e.js.map
Entrypoint server_rendering = js/server_rendering-3b00a4dec9313e1c5f89.js js/server_rendering-3b00a4dec9313e1c5f89.js.map
[../../../../node_modules/webpack/buildin/global.js] (webpack)/buildin/global.js 475 bytes {application} {hello_react} {server_rendering} [built]
[../../../../node_modules/webpack/buildin/module.js] (webpack)/buildin/module.js 546 bytes {application} {hello_react} {server_rendering} [built]
[./app/javascript/components sync recursive ^\.\/.*$] ./app/javascript/components sync ^\.\/.*$ 324 bytes {application} {server_rendering} [built]
[./app/javascript/packs/application.js] 216 bytes {application} [built]
[./app/javascript/packs/hello_react.jsx] 1.1 KiB {hello_react} [built]
[./app/javascript/packs/server_rendering.js] 301 bytes {server_rendering} [built]
    + 82 hidden modules

  Rendered greetings/index.html.erb within layouts/application (Duration: 3836.6ms | Allocations: 3295)
  Rendered layout layouts/application.html.erb (Duration: 3903.6ms | Allocations: 20810)
Completed 200 OK in 3909ms (Views: 3907.2ms | ActiveRecord: 0.0ms | Allocations: 21733)


Started GET "/v1/greetings" for ::1 at 2022-07-05 05:52:51 +0200
Processing by V1::GreetingsController#index as JSON
  [1m[36mGreeting Load (0.4ms)[0m  [1m[34mSELECT "greetings".* FROM "greetings" WHERE "greetings"."id" = $1 LIMIT $2[0m  [["id", 3], ["LIMIT", 1]]
  ↳ app/controllers/v1/greetings_controller.rb:3:in `index'
Completed 200 OK in 28ms (Views: 0.2ms | ActiveRecord: 12.9ms | Allocations: 7954)


Started GET "/" for ::1 at 2022-07-05 05:53:55 +0200
Processing by GreetingsController#index as HTML
  Rendering layout layouts/application.html.erb
  Rendering greetings/index.html.erb within layouts/application
[Webpacker] Everything's up-to-date. Nothing to do
  Rendered greetings/index.html.erb within layouts/application (Duration: 3.3ms | Allocations: 1794)
  Rendered layout layouts/application.html.erb (Duration: 20.8ms | Allocations: 19289)
Completed 200 OK in 23ms (Views: 22.3ms | ActiveRecord: 0.0ms | Allocations: 20211)


Started GET "/v1/greetings" for ::1 at 2022-07-05 05:53:58 +0200
  
SyntaxError (/home/omar/Desktop/Microverse Projects/Back-End Projects/hello-rails-react/app/controllers/v1/greetings_controller.rb:7: syntax error, unexpected '}'
      }
      ^
):
  
app/controllers/v1/greetings_controller.rb:7: syntax error, unexpected '}'
app/controllers/v1/greetings_controller.rb:7: syntax error, unexpected '}'
app/controllers/v1/greetings_controller.rb:7: syntax error, unexpected '}'
Started GET "/v1/greetings" for ::1 at 2022-07-05 05:54:00 +0200
  
SyntaxError (/home/omar/Desktop/Microverse Projects/Back-End Projects/hello-rails-react/app/controllers/v1/greetings_controller.rb:7: syntax error, unexpected '}'
      }
      ^
):
  
app/controllers/v1/greetings_controller.rb:7: syntax error, unexpected '}'
app/controllers/v1/greetings_controller.rb:7: syntax error, unexpected '}'
app/controllers/v1/greetings_controller.rb:7: syntax error, unexpected '}'
Started GET "/v1/greetings" for ::1 at 2022-07-05 05:54:04 +0200
  
SyntaxError (/home/omar/Desktop/Microverse Projects/Back-End Projects/hello-rails-react/app/controllers/v1/greetings_controller.rb:7: syntax error, unexpected '}'
      }
      ^
):
  
app/controllers/v1/greetings_controller.rb:7: syntax error, unexpected '}'
app/controllers/v1/greetings_controller.rb:7: syntax error, unexpected '}'
app/controllers/v1/greetings_controller.rb:7: syntax error, unexpected '}'
Started GET "/v1/greetings" for ::1 at 2022-07-05 05:54:05 +0200
  
SyntaxError (/home/omar/Desktop/Microverse Projects/Back-End Projects/hello-rails-react/app/controllers/v1/greetings_controller.rb:7: syntax error, unexpected '}'
      }
      ^
):
  
app/controllers/v1/greetings_controller.rb:7: syntax error, unexpected '}'
app/controllers/v1/greetings_controller.rb:7: syntax error, unexpected '}'
app/controllers/v1/greetings_controller.rb:7: syntax error, unexpected '}'
Started GET "/v1/greetings" for ::1 at 2022-07-05 05:54:20 +0200
  
SyntaxError (/home/omar/Desktop/Microverse Projects/Back-End Projects/hello-rails-react/app/controllers/v1/greetings_controller.rb:7: syntax error, unexpected '}'
      }
      ^
):
  
app/controllers/v1/greetings_controller.rb:7: syntax error, unexpected '}'
app/controllers/v1/greetings_controller.rb:7: syntax error, unexpected '}'
app/controllers/v1/greetings_controller.rb:7: syntax error, unexpected '}'
Started GET "/v1/greetings" for ::1 at 2022-07-05 05:54:21 +0200
  
SyntaxError (/home/omar/Desktop/Microverse Projects/Back-End Projects/hello-rails-react/app/controllers/v1/greetings_controller.rb:7: syntax error, unexpected '}'
      }
      ^
):
  
app/controllers/v1/greetings_controller.rb:7: syntax error, unexpected '}'
app/controllers/v1/greetings_controller.rb:7: syntax error, unexpected '}'
app/controllers/v1/greetings_controller.rb:7: syntax error, unexpected '}'
Started GET "/" for ::1 at 2022-07-05 05:55:35 +0200
Processing by GreetingsController#index as HTML
  Rendering layout layouts/application.html.erb
  Rendering greetings/index.html.erb within layouts/application
[Webpacker] Everything's up-to-date. Nothing to do
  Rendered greetings/index.html.erb within layouts/application (Duration: 5.8ms | Allocations: 1794)
  Rendered layout layouts/application.html.erb (Duration: 26.2ms | Allocations: 19273)
Completed 200 OK in 29ms (Views: 28.4ms | ActiveRecord: 0.0ms | Allocations: 20193)


Started GET "/v1/greetings" for ::1 at 2022-07-05 05:55:49 +0200
Processing by V1::GreetingsController#index as JSON
  [1m[36mGreeting Load (0.3ms)[0m  [1m[34mSELECT "greetings".* FROM "greetings" WHERE "greetings"."id" = $1 LIMIT $2[0m  [["id", 1], ["LIMIT", 1]]
  ↳ app/controllers/v1/greetings_controller.rb:3:in `index'
Completed 200 OK in 29ms (Views: 0.2ms | ActiveRecord: 6.7ms | Allocations: 3374)


Started GET "/v1/greetings" for ::1 at 2022-07-05 05:55:50 +0200
Processing by V1::GreetingsController#index as JSON
  [1m[36mGreeting Load (0.2ms)[0m  [1m[34mSELECT "greetings".* FROM "greetings" WHERE "greetings"."id" = $1 LIMIT $2[0m  [["id", 1], ["LIMIT", 1]]
  ↳ app/controllers/v1/greetings_controller.rb:3:in `index'
Completed 200 OK in 3ms (Views: 0.2ms | ActiveRecord: 0.2ms | Allocations: 673)


Started GET "/v1/greetings" for ::1 at 2022-07-05 05:55:52 +0200
Processing by V1::GreetingsController#index as JSON
  [1m[36mGreeting Load (0.3ms)[0m  [1m[34mSELECT "greetings".* FROM "greetings" WHERE "greetings"."id" = $1 LIMIT $2[0m  [["id", 1], ["LIMIT", 1]]
  ↳ app/controllers/v1/greetings_controller.rb:3:in `index'
Completed 200 OK in 3ms (Views: 0.3ms | ActiveRecord: 0.3ms | Allocations: 682)


Started GET "/v1/greetings" for ::1 at 2022-07-05 05:55:52 +0200
Processing by V1::GreetingsController#index as JSON
  [1m[36mGreeting Load (0.4ms)[0m  [1m[34mSELECT "greetings".* FROM "greetings" WHERE "greetings"."id" = $1 LIMIT $2[0m  [["id", 3], ["LIMIT", 1]]
  ↳ app/controllers/v1/greetings_controller.rb:3:in `index'
Completed 200 OK in 3ms (Views: 0.2ms | ActiveRecord: 0.4ms | Allocations: 674)


Started GET "/v1/greetings" for ::1 at 2022-07-05 05:55:53 +0200
Processing by V1::GreetingsController#index as JSON
  [1m[36mGreeting Load (0.3ms)[0m  [1m[34mSELECT "greetings".* FROM "greetings" WHERE "greetings"."id" = $1 LIMIT $2[0m  [["id", 5], ["LIMIT", 1]]
  ↳ app/controllers/v1/greetings_controller.rb:3:in `index'
Completed 200 OK in 2ms (Views: 0.1ms | ActiveRecord: 0.3ms | Allocations: 667)


Started GET "/v1/greetings" for ::1 at 2022-07-05 05:55:56 +0200
Processing by V1::GreetingsController#index as JSON
  [1m[36mGreeting Load (0.2ms)[0m  [1m[34mSELECT "greetings".* FROM "greetings" WHERE "greetings"."id" = $1 LIMIT $2[0m  [["id", 4], ["LIMIT", 1]]
  ↳ app/controllers/v1/greetings_controller.rb:3:in `index'
Completed 200 OK in 3ms (Views: 0.4ms | ActiveRecord: 0.2ms | Allocations: 667)


Started GET "/v1/greetings" for ::1 at 2022-07-05 05:55:56 +0200
Processing by V1::GreetingsController#index as JSON
  [1m[36mGreeting Load (0.3ms)[0m  [1m[34mSELECT "greetings".* FROM "greetings" WHERE "greetings"."id" = $1 LIMIT $2[0m  [["id", 4], ["LIMIT", 1]]
  ↳ app/controllers/v1/greetings_controller.rb:3:in `index'
Completed 200 OK in 4ms (Views: 0.3ms | ActiveRecord: 0.3ms | Allocations: 667)


Started GET "/v1/greetings" for ::1 at 2022-07-05 05:55:57 +0200
Processing by V1::GreetingsController#index as JSON
  [1m[36mGreeting Load (0.2ms)[0m  [1m[34mSELECT "greetings".* FROM "greetings" WHERE "greetings"."id" = $1 LIMIT $2[0m  [["id", 1], ["LIMIT", 1]]
  ↳ app/controllers/v1/greetings_controller.rb:3:in `index'
Completed 200 OK in 2ms (Views: 0.1ms | ActiveRecord: 0.2ms | Allocations: 667)


Started GET "/v1/greetings" for ::1 at 2022-07-05 05:55:59 +0200
Processing by V1::GreetingsController#index as JSON
  [1m[36mGreeting Load (0.2ms)[0m  [1m[34mSELECT "greetings".* FROM "greetings" WHERE "greetings"."id" = $1 LIMIT $2[0m  [["id", 2], ["LIMIT", 1]]
  ↳ app/controllers/v1/greetings_controller.rb:3:in `index'
Completed 200 OK in 2ms (Views: 0.2ms | ActiveRecord: 0.2ms | Allocations: 667)


Started GET "/v1/greetings" for ::1 at 2022-07-05 05:55:59 +0200
Processing by V1::GreetingsController#index as JSON
  [1m[36mGreeting Load (0.3ms)[0m  [1m[34mSELECT "greetings".* FROM "greetings" WHERE "greetings"."id" = $1 LIMIT $2[0m  [["id", 4], ["LIMIT", 1]]
  ↳ app/controllers/v1/greetings_controller.rb:3:in `index'
Completed 200 OK in 6ms (Views: 0.4ms | ActiveRecord: 0.3ms | Allocations: 667)


